Folder "./scully" doesn't seem to contain custom pluginsUsing deprecated plugin type:"render"  use "postProcessByHtml" insteadUsing deprecated plugin type:"render"  use "postProcessByHtml" instead Deprecation Notice:
       ======================================================================
         From now on, the plugin that is being used to render a route is
         able to be changed by the user. You can do this by adding or
         enabling the plugin your scully.personal-blog-scully.config.ts
         file. For your convenience, we loaded the Puppeteer plugin for you.

         To disable this warning enable the plugin of your choice.
         for Puppeteer please add:
             import '@scullyio/scully-plugin-puppeteer';
          to your scully.personal-blog-scully.config.ts file.

          When you get this warning while not using scully-plugin-puppeteer
          you need to set the defaultRouteRenderer to the name of your plugin.
          The defaultRouteRenderer is now set to 'routeRenderer'.
       ======================================================================



(You can skip this, or any future question by using the --noPrompt flag)
Folder "./scully" doesn't seem to contain custom pluginsUsing deprecated plugin type:"render"  use "postProcessByHtml" instead Deprecation Notice:
       ======================================================================
         From now on, the plugin that is being used to render a route is
         able to be changed by the user. You can do this by adding or
         enabling the plugin your scully.personal-blog-scully.config.ts
         file. For your convenience, we loaded the Puppeteer plugin for you.

         To disable this warning enable the plugin of your choice.
         for Puppeteer please add:
             import '@scullyio/scully-plugin-puppeteer';
          to your scully.personal-blog-scully.config.ts file.

          When you get this warning while not using scully-plugin-puppeteer
          you need to set the defaultRouteRenderer to the name of your plugin.
          The defaultRouteRenderer is now set to 'routeRenderer'.
       ======================================================================Using deprecated plugin type:"render"  use "postProcessByHtml" instead



----------------------------------Using stored unhandled routes!.   To discover new routes in the angular app use "npm run scully -- --scanRoutes"----------------------------------



Folder "./scully" doesn't seem to contain custom pluginsUsing deprecated plugin type:"render"  use "postProcessByHtml" instead Deprecation Notice:
       ======================================================================
         From now on, the plugin that is being used to render a route is
         able to be changed by the user. You can do this by adding or
         enabling the plugin your scully.personal-blog-scully.config.ts
         file. For your convenience, we loaded the Puppeteer plugin for you.

         To disable this warning enable the plugin of your choice.
         for Puppeteer please add:
             import '@scullyio/scully-plugin-puppeteer';
          to your scully.personal-blog-scully.config.ts file.

          When you get this warning while not using scully-plugin-puppeteer
          you need to set the defaultRouteRenderer to the name of your plugin.
          The defaultRouteRenderer is now set to 'routeRenderer'.
       ======================================================================Using deprecated plugin type:"render"  use "postProcessByHtml" instead



----------------------------------Using stored unhandled routes!.   To discover new routes in the angular app use "npm run scully -- --scanRoutes"----------------------------------



Folder "./scully" doesn't seem to contain custom pluginsUsing deprecated plugin type:"render"  use "postProcessByHtml" insteadUsing deprecated plugin type:"render"  use "postProcessByHtml" instead Deprecation Notice:
       ======================================================================
         From now on, the plugin that is being used to render a route is
         able to be changed by the user. You can do this by adding or
         enabling the plugin your scully.personal-blog-scully.config.ts
         file. For your convenience, we loaded the Puppeteer plugin for you.

         To disable this warning enable the plugin of your choice.
         for Puppeteer please add:
             import '@scullyio/scully-plugin-puppeteer';
          to your scully.personal-blog-scully.config.ts file.

          When you get this warning while not using scully-plugin-puppeteer
          you need to set the defaultRouteRenderer to the name of your plugin.
          The defaultRouteRenderer is now set to 'routeRenderer'.
       ======================================================================



----------------------------------Using stored unhandled routes!.----------------------------------   To discover new routes in the angular app use "npm run scully -- --scanRoutes"



Folder "./scully" doesn't seem to contain custom pluginsUsing deprecated plugin type:"render"  use "postProcessByHtml" instead Deprecation Notice:
       ======================================================================
         From now on, the plugin that is being used to render a route is
         able to be changed by the user. You can do this by adding or
         enabling the plugin your scully.personal-blog-scully.config.ts
         file. For your convenience, we loaded the Puppeteer plugin for you.

         To disable this warning enable the plugin of your choice.
         for Puppeteer please add:
             import '@scullyio/scully-plugin-puppeteer';
          to your scully.personal-blog-scully.config.ts file.

          When you get this warning while not using scully-plugin-puppeteer
          you need to set the defaultRouteRenderer to the name of your plugin.
          The defaultRouteRenderer is now set to 'routeRenderer'.
       ======================================================================Using deprecated plugin type:"render"  use "postProcessByHtml" instead



----------------------------------   To discover new routes in the angular app use "npm run scully -- --scanRoutes"----------------------------------Using stored unhandled routes!.



Folder "./scully" doesn't seem to contain custom pluginsUsing deprecated plugin type:"render"  use "postProcessByHtml" insteadUsing deprecated plugin type:"render"  use "postProcessByHtml" instead Deprecation Notice:
       ======================================================================
         From now on, the plugin that is being used to render a route is
         able to be changed by the user. You can do this by adding or
         enabling the plugin your scully.personal-blog-scully.config.ts
         file. For your convenience, we loaded the Puppeteer plugin for you.

         To disable this warning enable the plugin of your choice.
         for Puppeteer please add:
             import '@scullyio/scully-plugin-puppeteer';
          to your scully.personal-blog-scully.config.ts file.

          When you get this warning while not using scully-plugin-puppeteer
          you need to set the defaultRouteRenderer to the name of your plugin.
          The defaultRouteRenderer is now set to 'routeRenderer'.
       ======================================================================



----------------------------------Using stored unhandled routes!.   To discover new routes in the angular app use "npm run scully -- --scanRoutes"----------------------------------



Using deprecated plugin type:"render"  use "postProcessByHtml" insteadFolder "./scully" doesn't seem to contain custom pluginsUsing deprecated plugin type:"render"  use "postProcessByHtml" instead


----------------------------------Using stored unhandled routes!.----------------------------------   To discover new routes in the angular app use "npm run scully -- --scanRoutes"



Folder "./scully" doesn't seem to contain custom pluginsUsing deprecated plugin type:"render"  use "postProcessByHtml" insteadUsing deprecated plugin type:"render"  use "postProcessByHtml" instead


 The router plugin "notionDomRouter has thrown the below error,
              while trying to render route "unknown"
              Scully will exitError: Something went wrong. APIResponseError: API token is invalid.

Folder "./scully" doesn't seem to contain custom pluginsUsing deprecated plugin type:"render"  use "postProcessByHtml" insteadUsing deprecated plugin type:"render"  use "postProcessByHtml" instead


----------------------------------   To discover new routes in the angular app use "npm run scully -- --scanRoutes"----------------------------------Using stored unhandled routes!.



 The router plugin "notionDomRouter has thrown the below error,
              while trying to render route "unknown"
              Scully will exitError: Something went wrong. APIResponseError: API token is invalid.

Folder "./scully" doesn't seem to contain custom pluginsUsing deprecated plugin type:"render"  use "postProcessByHtml" insteadUsing deprecated plugin type:"render"  use "postProcessByHtml" instead


----------------------------------Using stored unhandled routes!.----------------------------------   To discover new routes in the angular app use "npm run scully -- --scanRoutes"



 The router plugin "notionDomRouter has thrown the below error,
              while trying to render route "unknown"
              Scully will exitError: Something went wrong. APIResponseError: API token is invalid.

Folder "./scully" doesn't seem to contain custom pluginsUsing deprecated plugin type:"render"  use "postProcessByHtml" insteadUsing deprecated plugin type:"render"  use "postProcessByHtml" instead


----------------------------------Using stored unhandled routes!.----------------------------------   To discover new routes in the angular app use "npm run scully -- --scanRoutes"



 The router plugin "notionDomRouter has thrown the below error,
              while trying to render route "unknown"
              Scully will exitError: Something went wrong. APIResponseError: API token is invalid.

Folder "./scully" doesn't seem to contain custom pluginsUsing deprecated plugin type:"render"  use "postProcessByHtml" insteadUsing deprecated plugin type:"render"  use "postProcessByHtml" instead


Using stored unhandled routes!.   To discover new routes in the angular app use "npm run scully -- --scanRoutes"--------------------------------------------------------------------



 The router plugin "notionDomRouter has thrown the below error,
              while trying to render route "unknown"
              Scully will exitError: Something went wrong. APIResponseError: API token is invalid.

Folder "./scully" doesn't seem to contain custom pluginsUsing deprecated plugin type:"render"  use "postProcessByHtml" insteadUsing deprecated plugin type:"render"  use "postProcessByHtml" instead


----------------------------------   To discover new routes in the angular app use "npm run scully -- --scanRoutes"Using stored unhandled routes!.----------------------------------



 The router plugin "notionDomRouter has thrown the below error,
              while trying to render route "unknown"
              Scully will exitError: Something went wrong. APIResponseError: API token is invalid.

Folder "./scully" doesn't seem to contain custom pluginsUsing deprecated plugin type:"render"  use "postProcessByHtml" insteadUsing deprecated plugin type:"render"  use "postProcessByHtml" instead


----------------------------------   To discover new routes in the angular app use "npm run scully -- --scanRoutes"Using stored unhandled routes!.----------------------------------



 The router plugin "notionDomRouter has thrown the below error,
              while trying to render route "unknown"
              Scully will exitError: Something went wrong. APIResponseError: API token is invalid.

Folder "./scully" doesn't seem to contain custom pluginsUsing deprecated plugin type:"render"  use "postProcessByHtml" insteadUsing deprecated plugin type:"render"  use "postProcessByHtml" instead


----------------------------------   To discover new routes in the angular app use "npm run scully -- --scanRoutes"Using stored unhandled routes!.----------------------------------



 The router plugin "notionDomRouter has thrown the below error,
              while trying to render route "unknown"
              Scully will exitError: Something went wrong. APIResponseError: API token is invalid.

